==========================================
SLURM_CLUSTER_NAME = paramutkarsh
SLURM_ARRAY_JOB_ID = 
SLURM_ARRAY_TASK_ID = 
SLURM_ARRAY_TASK_COUNT = 
SLURM_ARRAY_TASK_MAX = 
SLURM_ARRAY_TASK_MIN = 
SLURM_JOB_ACCOUNT = cdac
SLURM_JOB_ID = 40577
SLURM_JOB_NAME = prof_omp
SLURM_JOB_NODELIST = cn110
SLURM_JOB_USER = chuk355
SLURM_JOB_UID = 23411
SLURM_JOB_PARTITION = cpu
SLURM_TASK_PID = 30355
SLURM_SUBMIT_DIR = /home/chuk355/HPC-NBody
SLURM_CPUS_ON_NODE = 48
SLURM_NTASKS = 1
SLURM_TASK_PID = 30355
==========================================
============================================
Profiling OpenMP (Standard)
Particles: 20000 | Threads: 48
Output: vtune_reports/openmp_N20000_ID40577
============================================

--- N-Body OpenMP Simulation ---
Bodies: 20000 | Steps: 1000
Threads: 48
Output File: nbody_output_openmp_N20000_S1000_T48.csv

========================================================
                PERFORMANCE REPORT                      
========================================================
Threads Active:   48
Unique Cores Used: 48

--- Per-Thread Breakdown ---
ThreadID  Compute Time(s)Interactions(Ops)   Est. GFLOPs    
0         110.5812       8339583000          1.5083         
1         110.4673       8339583000          1.5099         
2         110.4385       8339583000          1.5103         
3         110.4398       8339583000          1.5102         
4         110.4403       8339583000          1.5102         
5         110.4424       8339583000          1.5102         
6         110.4661       8339583000          1.5099         
7         110.4417       8339583000          1.5102         
8         110.4404       8339583000          1.5102         
9         110.4415       8339583000          1.5102         
10        110.4431       8339583000          1.5102         
11        110.4405       8339583000          1.5102         
12        110.4397       8339583000          1.5103         
13        110.4357       8339583000          1.5103         
14        110.4398       8339583000          1.5102         
15        110.4391       8339583000          1.5103         
16        110.4454       8339583000          1.5102         
17        110.4434       8339583000          1.5102         
18        110.4392       8339583000          1.5103         
19        110.4394       8339583000          1.5103         
20        110.4327       8339583000          1.5103         
21        110.4394       8339583000          1.5103         
22        110.4411       8339583000          1.5102         
23        110.4414       8339583000          1.5102         
24        110.4144       8339583000          1.5106         
25        110.4279       8339583000          1.5104         
26        110.4135       8339583000          1.5106         
27        110.4094       8339583000          1.5107         
28        110.4089       8339583000          1.5107         
29        110.4089       8339583000          1.5107         
30        110.4092       8339583000          1.5107         
31        110.4088       8339583000          1.5107         
32        110.4113       8319584000          1.5070         
33        110.4143       8319584000          1.5070         
34        110.4109       8319584000          1.5070         
35        110.4128       8319584000          1.5070         
36        110.4166       8319584000          1.5069         
37        110.4153       8319584000          1.5070         
38        110.4115       8319584000          1.5070         
39        110.4091       8319584000          1.5070         
40        110.4095       8319584000          1.5070         
41        110.4089       8319584000          1.5070         
42        110.4108       8319584000          1.5070         
43        110.4122       8319584000          1.5070         
44        110.4194       8319584000          1.5069         
45        110.4221       8319584000          1.5069         
46        110.4148       8319584000          1.5070         
47        110.4133       8319584000          1.5070         

--- Overall Summary ---
Wall Clock Time:   157.7230 s
Combined GFLOPs:   50.7193 GFLOPs
========================================================
Elapsed Time: 161.732s
    CPU Time: 5554.989s
        Effective Time: 5186.041s
            Idle: 0.020s
            Poor: 818.204s
            Ok: 2049.417s
            Ideal: 2318.400s
            Over: 0s
        Spin Time: 368.897s
            Imbalance or Serial Spinning: 368.897s
            Lock Contention: 0s
            Other: 0s
        Overhead Time: 0.052s
            Creation: 0.052s
            Scheduling: 0s
            Reduction: 0s
            Atomics: 0s
            Other: 0s
    Total Thread Count: 48
    Paused Time: 0s

Top Hotspots
Function                    Module         CPU Time
--------------------------  ------------  ---------
update_physics._omp_fn.0    nbody_openmp  5137.372s
gomp_simple_barrier_wait    libgomp.so.1   308.164s
gomp_team_barrier_wait_end  libgomp.so.1    60.042s
std::ostream::operator<<    nbody_openmp    10.357s
std::ostream::operator<<    nbody_openmp    10.262s
[Others]                    N/A             28.792s
Effective CPU Utilization: 69.9%
 | The metric value is low, which may signal a poor logical CPU cores
 | utilization caused by load imbalance, threading runtime overhead, contended
 | synchronization, or thread/process underutilization. Explore sub-metrics to
 | estimate the efficiency of MPI and OpenMP parallelism or run the Locks and
 | Waits analysis to identify parallel bottlenecks for other parallel runtimes.
 |
    Average Effective CPU Utilization: 33.532 out of 48
Collection and Platform Info
    Application Command Line: ./bin/nbody_openmp "20000" "1000" "bench" 
    Operating System: 3.10.0-1160.el7.x86_64 \S Kernel \r on an \m 
    Computer Name: cn110
    Result Size: 114.6 MB 
    Collection start time: 11:47:09 26/12/2025 UTC
    Collection stop time: 11:49:51 26/12/2025 UTC
    Collector Type: Driverless Perf per-process counting,User-mode sampling and tracing
    CPU
        Name: Intel(R) Xeon(R) Processor code named Cascadelake
        Frequency: 2.893 GHz 
        Logical CPU Count: 48
        Cache Allocation Technology
            Level 2 capability: not detected
            Level 3 capability: available

If you want to skip descriptions of detected performance issues in the report,
enter: vtune -report summary -report-knob show-issues=false -r <my_result_dir>.
Alternatively, you may view the report in the csv format: vtune -report
<report_name> -format=csv.
